2
CS2030S
2
CS2040S
2
MA2104
2
CM1102
2
ST2334
Scrapping Successful
{'CS2030S': CS2030S, 'CS2040S': CS2040S, 'MA2104': MA2104, 'CM1102': CM1102, 'ST2334': ST2334}
In CS2030S there are
1 lectures
0 tutorials
20 recitations
53 labs

In CS2040S there are
2 lectures
41 tutorials
13 recitations
0 labs

In MA2104 there are
2 lectures
4 tutorials
0 recitations
0 labs

In CM1102 there are
2 lectures
3 tutorials
0 recitations
0 labs

In ST2334 there are
6 lectures
20 tutorials
0 recitations
0 labs

UNSAT
[Or(And(CS2030S REC 18 on Day 4 @ 1500 - 1600,
        Not(CS2030S REC 07 on Day 3 @ 1400 - 1500),
        Not(CS2030S REC 08 on Day 3 @ 1500 - 1600),
        Not(CS2030S REC 09 on Day 3 @ 1600 - 1700),
        Not(CS2030S REC 10 on Day 3 @ 1700 - 1800),
        Not(CS2030S REC 13 on Day 4 @ 1000 - 1100),
        Not(CS2030S REC 14 on Day 4 @ 1100 - 1200),
        Not(CS2030S REC 20 on Day 4 @ 1700 - 1800),
        Not(CS2030S REC 16 on Day 4 @ 1300 - 1400),
        Not(CS2030S REC 17 on Day 4 @ 1400 - 1500),
        Not(CS2030S REC 12 on Day 4 @ 900 - 1000),
        Not(CS2030S REC 01 on Day 3 @ 800 - 900),
        Not(CS2030S REC 02 on Day 3 @ 900 - 1000),
        Not(CS2030S REC 03 on Day 3 @ 1000 - 1100),
        Not(CS2030S REC 04 on Day 3 @ 1100 - 1200),
        Not(CS2030S REC 06 on Day 3 @ 1300 - 1400),
        Not(CS2030S REC 11 on Day 4 @ 800 - 900),
        Not(CS2030S REC 15 on Day 4 @ 1200 - 1300),
        Not(CS2030S REC 19 on Day 4 @ 1600 - 1700),
        Not(CS2030S REC 05 on Day 3 @ 1200 - 1300)),
    And(CS2030S REC 07 on Day 3 @ 1400 - 1500,
        Not(CS2030S REC 18 on Day 4 @ 1500 - 1600),
        Not(CS2030S REC 08 on Day 3 @ 1500 - 1600),
        Not(CS2030S REC 09 on Day 3 @ 1600 - 1700),
        Not(CS2030S REC 10 on Day 3 @ 1700 - 1800),
        Not(CS2030S REC 13 on Day 4 @ 1000 - 1100),
        Not(CS2030S REC 14 on Day 4 @ 1100 - 1200),
        Not(CS2030S REC 20 on Day 4 @ 1700 - 1800),
        Not(CS2030S REC 16 on Day 4 @ 1300 - 1400),
        Not(CS2030S REC 17 on Day 4 @ 1400 - 1500),
        Not(CS2030S REC 12 on Day 4 @ 900 - 1000),
        Not(CS2030S REC 01 on Day 3 @ 800 - 900),
        Not(CS2030S REC 02 on Day 3 @ 900 - 1000),
        Not(CS2030S REC 03 on Day 3 @ 1000 - 1100),
        Not(CS2030S REC 04 on Day 3 @ 1100 - 1200),
        Not(CS2030S REC 06 on Day 3 @ 1300 - 1400),
        Not(CS2030S REC 11 on Day 4 @ 800 - 900),
        Not(CS2030S REC 15 on Day 4 @ 1200 - 1300),
        Not(CS2030S REC 19 on Day 4 @ 1600 - 1700),
        Not(CS2030S REC 05 on Day 3 @ 1200 - 1300)),
    And(CS2030S REC 08 on Day 3 @ 1500 - 1600,
        Not(CS2030S REC 18 on Day 4 @ 1500 - 1600),
        Not(CS2030S REC 07 on Day 3 @ 1400 - 1500),
        Not(CS2030S REC 09 on Day 3 @ 1600 - 1700),
        Not(CS2030S REC 10 on Day 3 @ 1700 - 1800),
        Not(CS2030S REC 13 on Day 4 @ 1000 - 1100),
        Not(CS2030S REC 14 on Day 4 @ 1100 - 1200),
        Not(CS2030S REC 20 on Day 4 @ 1700 - 1800),
        Not(CS2030S REC 16 on Day 4 @ 1300 - 1400),
        Not(CS2030S REC 17 on Day 4 @ 1400 - 1500),
        Not(CS2030S REC 12 on Day 4 @ 900 - 1000),
        Not(CS2030S REC 01 on Day 3 @ 800 - 900),
        Not(CS2030S REC 02 on Day 3 @ 900 - 1000),
        Not(CS2030S REC 03 on Day 3 @ 1000 - 1100),
        Not(CS2030S REC 04 on Day 3 @ 1100 - 1200),
        Not(CS2030S REC 06 on Day 3 @ 1300 - 1400),
        Not(CS2030S REC 11 on Day 4 @ 800 - 900),
        Not(CS2030S REC 15 on Day 4 @ 1200 - 1300),
        Not(CS2030S REC 19 on Day 4 @ 1600 - 1700),
        Not(CS2030S REC 05 on Day 3 @ 1200 - 1300)),
    And(CS2030S REC 09 on Day 3 @ 1600 - 1700,
        Not(CS2030S REC 18 on Day 4 @ 1500 - 1600),
        Not(CS2030S REC 07 on Day 3 @ 1400 - 1500),
        Not(CS2030S REC 08 on Day 3 @ 1500 - 1600),
        Not(CS2030S REC 10 on Day 3 @ 1700 - 1800),
        Not(CS2030S REC 13 on Day 4 @ 1000 - 1100),
        Not(CS2030S REC 14 on Day 4 @ 1100 - 1200),
        Not(CS2030S REC 20 on Day 4 @ 1700 - 1800),
        Not(CS2030S REC 16 on Day 4 @ 1300 - 1400),
        Not(CS2030S REC 17 on Day 4 @ 1400 - 1500),
        Not(CS2030S REC 12 on Day 4 @ 900 - 1000),
        Not(CS2030S REC 01 on Day 3 @ 800 - 900),
        Not(CS2030S REC 02 on Day 3 @ 900 - 1000),
        Not(CS2030S REC 03 on Day 3 @ 1000 - 1100),
        Not(CS2030S REC 04 on Day 3 @ 1100 - 1200),
        Not(CS2030S REC 06 on Day 3 @ 1300 - 1400),
        Not(CS2030S REC 11 on Day 4 @ 800 - 900),
        Not(CS2030S REC 15 on Day 4 @ 1200 - 1300),
        Not(CS2030S REC 19 on Day 4 @ 1600 - 1700),
        Not(CS2030S REC 05 on Day 3 @ 1200 - 1300)),
    And(CS2030S REC 10 on Day 3 @ 1700 - 1800,
        Not(CS2030S REC 18 on Day 4 @ 1500 - 1600),
        Not(CS2030S REC 07 on Day 3 @ 1400 - 1500),
        Not(CS2030S REC 08 on Day 3 @ 1500 - 1600),
        Not(CS2030S REC 09 on Day 3 @ 1600 - 1700),
        Not(CS2030S REC 13 on Day 4 @ 1000 - 1100),
        Not(CS2030S REC 14 on Day 4 @ 1100 - 1200),
        Not(CS2030S REC 20 on Day 4 @ 1700 - 1800),
        Not(CS2030S REC 16 on Day 4 @ 1300 - 1400),
        Not(CS2030S REC 17 on Day 4 @ 1400 - 1500),
        Not(CS2030S REC 12 on Day 4 @ 900 - 1000),
        Not(CS2030S REC 01 on Day 3 @ 800 - 900),
        Not(CS2030S REC 02 on Day 3 @ 900 - 1000),
        Not(CS2030S REC 03 on Day 3 @ 1000 - 1100),
        Not(CS2030S REC 04 on Day 3 @ 1100 - 1200),
        Not(CS2030S REC 06 on Day 3 @ 1300 - 1400),
        Not(CS2030S REC 11 on Day 4 @ 800 - 900),
        Not(CS2030S REC 15 on Day 4 @ 1200 - 1300),
        Not(CS2030S REC 19 on Day 4 @ 1600 - 1700),
        Not(CS2030S REC 05 on Day 3 @ 1200 - 1300)),
    And(CS2030S REC 13 on Day 4 @ 1000 - 1100,
        Not(CS2030S REC 18 on Day 4 @ 1500 - 1600),
        Not(CS2030S REC 07 on Day 3 @ 1400 - 1500),
        Not(CS2030S REC 08 on Day 3 @ 1500 - 1600),
        Not(CS2030S REC 09 on Day 3 @ 1600 - 1700),
        Not(CS2030S REC 10 on Day 3 @ 1700 - 1800),
        Not(CS2030S REC 14 on Day 4 @ 1100 - 1200),
        Not(CS2030S REC 20 on Day 4 @ 1700 - 1800),
        Not(CS2030S REC 16 on Day 4 @ 1300 - 1400),
        Not(CS2030S REC 17 on Day 4 @ 1400 - 1500),
        Not(CS2030S REC 12 on Day 4 @ 900 - 1000),
        Not(CS2030S REC 01 on Day 3 @ 800 - 900),
        Not(CS2030S REC 02 on Day 3 @ 900 - 1000),
        Not(CS2030S REC 03 on Day 3 @ 1000 - 1100),
        Not(CS2030S REC 04 on Day 3 @ 1100 - 1200),
        Not(CS2030S REC 06 on Day 3 @ 1300 - 1400),
        Not(CS2030S REC 11 on Day 4 @ 800 - 900),
        Not(CS2030S REC 15 on Day 4 @ 1200 - 1300),
        Not(CS2030S REC 19 on Day 4 @ 1600 - 1700),
        Not(CS2030S REC 05 on Day 3 @ 1200 - 1300)),
    And(CS2030S REC 14 on Day 4 @ 1100 - 1200,
        Not(CS2030S REC 18 on Day 4 @ 1500 - 1600),
        Not(CS2030S REC 07 on Day 3 @ 1400 - 1500),
        Not(CS2030S REC 08 on Day 3 @ 1500 - 1600),
        Not(CS2030S REC 09 on Day 3 @ 1600 - 1700),
        Not(CS2030S REC 10 on Day 3 @ 1700 - 1800),
        Not(CS2030S REC 13 on Day 4 @ 1000 - 1100),
        Not(CS2030S REC 20 on Day 4 @ 1700 - 1800),
        Not(CS2030S REC 16 on Day 4 @ 1300 - 1400),
        Not(CS2030S REC 17 on Day 4 @ 1400 - 1500),
        Not(CS2030S REC 12 on Day 4 @ 900 - 1000),
        Not(CS2030S REC 01 on Day 3 @ 800 - 900),
        Not(CS2030S REC 02 on Day 3 @ 900 - 1000),
        Not(CS2030S REC 03 on Day 3 @ 1000 - 1100),
        Not(CS2030S REC 04 on Day 3 @ 1100 - 1200),
        Not(CS2030S REC 06 on Day 3 @ 1300 - 1400),
        Not(CS2030S REC 11 on Day 4 @ 800 - 900),
        Not(CS2030S REC 15 on Day 4 @ 1200 - 1300),
        Not(CS2030S REC 19 on Day 4 @ 1600 - 1700),
        Not(CS2030S REC 05 on Day 3 @ 1200 - 1300)),
    And(CS2030S REC 20 on Day 4 @ 1700 - 1800,
        Not(CS2030S REC 18 on Day 4 @ 1500 - 1600),
        Not(CS2030S REC 07 on Day 3 @ 1400 - 1500),
        Not(CS2030S REC 08 on Day 3 @ 1500 - 1600),
        Not(CS2030S REC 09 on Day 3 @ 1600 - 1700),
        Not(CS2030S REC 10 on Day 3 @ 1700 - 1800),
        Not(CS2030S REC 13 on Day 4 @ 1000 - 1100),
        Not(CS2030S REC 14 on Day 4 @ 1100 - 1200),
        Not(CS2030S REC 16 on Day 4 @ 1300 - 1400),
        Not(CS2030S REC 17 on Day 4 @ 1400 - 1500),
        Not(CS2030S REC 12 on Day 4 @ 900 - 1000),
        Not(CS2030S REC 01 on Day 3 @ 800 - 900),
        Not(CS2030S REC 02 on Day 3 @ 900 - 1000),
        Not(CS2030S REC 03 on Day 3 @ 1000 - 1100),
        Not(CS2030S REC 04 on Day 3 @ 1100 - 1200),
        Not(CS2030S REC 06 on Day 3 @ 1300 - 1400),
        Not(CS2030S REC 11 on Day 4 @ 800 - 900),
        Not(CS2030S REC 15 on Day 4 @ 1200 - 1300),
        Not(CS2030S REC 19 on Day 4 @ 1600 - 1700),
        Not(CS2030S REC 05 on Day 3 @ 1200 - 1300)),
    And(CS2030S REC 16 on Day 4 @ 1300 - 1400,
        Not(CS2030S REC 18 on Day 4 @ 1500 - 1600),
        Not(CS2030S REC 07 on Day 3 @ 1400 - 1500),
        Not(CS2030S REC 08 on Day 3 @ 1500 - 1600),
        Not(CS2030S REC 09 on Day 3 @ 1600 - 1700),
        Not(CS2030S REC 10 on Day 3 @ 1700 - 1800),
        Not(CS2030S REC 13 on Day 4 @ 1000 - 1100),
        Not(CS2030S REC 14 on Day 4 @ 1100 - 1200),
        Not(CS2030S REC 20 on Day 4 @ 1700 - 1800),
        Not(CS2030S REC 17 on Day 4 @ 1400 - 1500),
        Not(CS2030S REC 12 on Day 4 @ 900 - 1000),
        Not(CS2030S REC 01 on Day 3 @ 800 - 900),
        Not(CS2030S REC 02 on Day 3 @ 900 - 1000),
        Not(CS2030S REC 03 on Day 3 @ 1000 - 1100),
        Not(CS2030S REC 04 on Day 3 @ 1100 - 1200),
        Not(CS2030S REC 06 on Day 3 @ 1300 - 1400),
        Not(CS2030S REC 11 on Day 4 @ 800 - 900),
        Not(CS2030S REC 15 on Day 4 @ 1200 - 1300),
        Not(CS2030S REC 19 on Day 4 @ 1600 - 1700),
        Not(CS2030S REC 05 on Day 3 @ 1200 - 1300)),
    And(CS2030S REC 17 on Day 4 @ 1400 - 1500,
        Not(CS2030S REC 18 on Day 4 @ 1500 - 1600),
        Not(CS2030S REC 07 on Day 3 @ 1400 - 1500),
        Not(CS2030S REC 08 on Day 3 @ 1500 - 1600),
        Not(CS2030S REC 09 on Day 3 @ 1600 - 1700),
        Not(CS2030S REC 10 on Day 3 @ 1700 - 1800),
        Not(CS2030S REC 13 on Day 4 @ 1000 - 1100),
        Not(CS2030S REC 14 on Day 4 @ 1100 - 1200),
        Not(CS2030S REC 20 on Day 4 @ 1700 - 1800),
        Not(CS2030S REC 16 on Day 4 @ 1300 - 1400),
        Not(CS2030S REC 12 on Day 4 @ 900 - 1000),
        Not(CS2030S REC 01 on Day 3 @ 800 - 900),
        Not(CS2030S REC 02 on Day 3 @ 900 - 1000),
        Not(CS2030S REC 03 on Day 3 @ 1000 - 1100),
        Not(CS2030S REC 04 on Day 3 @ 1100 - 1200),
        Not(CS2030S REC 06 on Day 3 @ 1300 - 1400),
        Not(CS2030S REC 11 on Day 4 @ 800 - 900),
        Not(CS2030S REC 15 on Day 4 @ 1200 - 1300),
        Not(CS2030S REC 19 on Day 4 @ 1600 - 1700),
        Not(CS2030S REC 05 on Day 3 @ 1200 - 1300)),
...
No feasible timetable
