UNSAT
Or(And(CM1102 TUT 1 on Day 1 @ 1100 - 1200,
       Not(CM1102 TUT 2 on Day 1 @ 1400 - 1500),
       Not(CM1102 TUT 5 on Day 2 @ 1300 - 1400)),
   And(CM1102 TUT 2 on Day 1 @ 1400 - 1500,
       Not(CM1102 TUT 1 on Day 1 @ 1100 - 1200),
       Not(CM1102 TUT 5 on Day 2 @ 1300 - 1400)),
   And(CM1102 TUT 5 on Day 2 @ 1300 - 1400,
       Not(CM1102 TUT 1 on Day 1 @ 1100 - 1200),
       Not(CM1102 TUT 2 on Day 1 @ 1400 - 1500)))
AtMost((And(CM1102 LEC 1 on Day 3 @ 1200 - 1400,
            CM1102 LEC 1 on Day 5 @ 1200 - 1400)),
       1)
at-least(And(CM1102 LEC 1 on Day 3 @ 1200 - 1400,
             CM1102 LEC 1 on Day 5 @ 1200 - 1400))
Or(And(MA2104 TUT 3 on Day 4 @ 1400 - 1500,
       Not(MA2104 TUT 1 on Day 1 @ 900 - 1000),
       Not(MA2104 TUT 4 on Day 4 @ 1500 - 1600),
       Not(MA2104 TUT 2 on Day 1 @ 1000 - 1100)),
   And(MA2104 TUT 1 on Day 1 @ 900 - 1000,
       Not(MA2104 TUT 3 on Day 4 @ 1400 - 1500),
       Not(MA2104 TUT 4 on Day 4 @ 1500 - 1600),
       Not(MA2104 TUT 2 on Day 1 @ 1000 - 1100)),
   And(MA2104 TUT 4 on Day 4 @ 1500 - 1600,
       Not(MA2104 TUT 3 on Day 4 @ 1400 - 1500),
       Not(MA2104 TUT 1 on Day 1 @ 900 - 1000),
       Not(MA2104 TUT 2 on Day 1 @ 1000 - 1100)),
   And(MA2104 TUT 2 on Day 1 @ 1000 - 1100,
       Not(MA2104 TUT 3 on Day 4 @ 1400 - 1500),
       Not(MA2104 TUT 1 on Day 1 @ 900 - 1000),
       Not(MA2104 TUT 4 on Day 4 @ 1500 - 1600)))
AtMost((And(MA2104 LEC 1 on Day 3 @ 1000 - 1200,
            MA2104 LEC 1 on Day 5 @ 1000 - 1200)),
       1)
at-least(And(MA2104 LEC 1 on Day 3 @ 1000 - 1200,
             MA2104 LEC 1 on Day 5 @ 1000 - 1200))
Or(And(CS2040S TUT 26 on Day 3 @ 1100 - 1300,
       Not(CS2040S TUT 30 on Day 3 @ 1200 - 1400),
       Not(CS2040S TUT 35 on Day 3 @ 1500 - 1700),
       Not(CS2040S TUT 41 on Day 3 @ 1600 - 1800),
       Not(CS2040S TUT 32 on Day 3 @ 1500 - 1700),
       Not(CS2040S TUT 20 on Day 3 @ 1000 - 1200),
       Not(CS2040S TUT 01 on Day 2 @ 900 - 1100),
       Not(CS2040S TUT 14 on Day 2 @ 1500 - 1700),
       Not(CS2040S TUT 29 on Day 3 @ 1200 - 1400),
       Not(CS2040S TUT 25 on Day 3 @ 1100 - 1300),
       Not(CS2040S TUT 24 on Day 3 @ 1000 - 1200),
       Not(CS2040S TUT 33 on Day 3 @ 1500 - 1700),
       Not(CS2040S TUT 39 on Day 3 @ 1600 - 1800),
       Not(CS2040S TUT 13 on Day 2 @ 1400 - 1600),
       Not(CS2040S TUT 15 on Day 2 @ 1500 - 1700),
       Not(CS2040S TUT 16 on Day 2 @ 1600 - 1800),
       Not(CS2040S TUT 19 on Day 2 @ 1600 - 1800),
       Not(CS2040S TUT 23 on Day 3 @ 1000 - 1200),
       Not(CS2040S TUT 08 on Day 2 @ 1200 - 1400),
       Not(CS2040S TUT 27 on Day 3 @ 1100 - 1300),
       Not(CS2040S TUT 03 on Day 2 @ 1000 - 1200),
       Not(CS2040S TUT 10 on Day 2 @ 1300 - 1500),
       Not(CS2040S TUT 07 on Day 2 @ 1100 - 1300),
       Not(CS2040S TUT 22 on Day 3 @ 1000 - 1200),
       Not(CS2040S TUT 34 on Day 3 @ 1500 - 1700),
       Not(CS2040S TUT 18 on Day 2 @ 1600 - 1800),
       Not(CS2040S TUT 05 on Day 2 @ 1100 - 1300),
       Not(CS2040S TUT 06 on Day 2 @ 1100 - 1300),
       Not(CS2040S TUT 40 on Day 3 @ 1600 - 1800),
       Not(CS2040S TUT 38 on Day 3 @ 1600 - 1800),
       Not(CS2040S TUT 31 on Day 3 @ 1200 - 1400),
       Not(CS2040S TUT 37 on Day 3 @ 1600 - 1800),
       Not(CS2040S TUT 28 on Day 3 @ 1100 - 1300),
       Not(CS2040S TUT 11 on Day 2 @ 1300 - 1500),
       Not(CS2040S TUT 02 on Day 2 @ 1000 - 1200),
       Not(CS2040S TUT 04 on Day 2 @ 1000 - 1200),
       Not(CS2040S TUT 36 on Day 3 @ 1600 - 1800),
       Not(CS2040S TUT 17 on Day 2 @ 1600 - 1800),
       Not(CS2040S TUT 21 on Day 3 @ 1000 - 1200),
       Not(CS2040S TUT 12 on Day 2 @ 1400 - 1600),
       Not(CS2040S TUT 09 on Day 2 @ 1200 - 1400)),
   And(CS2040S TUT 30 on Day 3 @ 1200 - 1400,
       Not(CS2040S TUT 26 on Day 3 @ 1100 - 1300),
       Not(CS2040S TUT 35 on Day 3 @ 1500 - 1700),
       Not(CS2040S TUT 41 on Day 3 @ 1600 - 1800),
       Not(CS2040S TUT 32 on Day 3 @ 1500 - 1700),
       Not(CS2040S TUT 20 on Day 3 @ 1000 - 1200),
       Not(CS2040S TUT 01 on Day 2 @ 900 - 1100),
       Not(CS2040S TUT 14 on Day 2 @ 1500 - 1700),
       Not(CS2040S TUT 29 on Day 3 @ 1200 - 1400),
       Not(CS2040S TUT 25 on Day 3 @ 1100 - 1300),
       Not(CS2040S TUT 24 on Day 3 @ 1000 - 1200),
       Not(CS2040S TUT 33 on Day 3 @ 1500 - 1700),
       Not(CS2040S TUT 39 on Day 3 @ 1600 - 1800),
       Not(CS2040S TUT 13 on Day 2 @ 1400 - 1600),
       Not(CS2040S TUT 15 on Day 2 @ 1500 - 1700),
       Not(CS2040S TUT 16 on Day 2 @ 1600 - 1800),
       Not(CS2040S TUT 19 on Day 2 @ 1600 - 1800),
       Not(CS2040S TUT 23 on Day 3 @ 1000 - 1200),
       Not(CS2040S TUT 08 on Day 2 @ 1200 - 1400),
       Not(CS2040S TUT 27 on Day 3 @ 1100 - 1300),
       Not(CS2040S TUT 03 on Day 2 @ 1000 - 1200),
       Not(CS2040S TUT 10 on Day 2 @ 1300 - 1500),
       Not(CS2040S TUT 07 on Day 2 @ 1100 - 1300),
       Not(CS2040S TUT 22 on Day 3 @ 1000 - 1200),
       Not(CS2040S TUT 34 on Day 3 @ 1500 - 1700),
       Not(CS2040S TUT 18 on Day 2 @ 1600 - 1800),
       Not(CS2040S TUT 05 on Day 2 @ 1100 - 1300),
       Not(CS2040S TUT 06 on Day 2 @ 1100 - 1300),
       Not(CS2040S TUT 40 on Day 3 @ 1600 - 1800),
       Not(CS2040S TUT 38 on Day 3 @ 1600 - 1800),
       Not(CS2040S TUT 31 on Day 3 @ 1200 - 1400),
       Not(CS2040S TUT 37 on Day 3 @ 1600 - 1800),
       Not(CS2040S TUT 28 on Day 3 @ 1100 - 1300),
       Not(CS2040S TUT 11 on Day 2 @ 1300 - 1500),
       Not(CS2040S TUT 02 on Day 2 @ 1000 - 1200),
       Not(CS2040S TUT 04 on Day 2 @ 1000 - 1200),
       Not(CS2040S TUT 36 on Day 3 @ 1600 - 1800),
       Not(CS2040S TUT 17 on Day 2 @ 1600 - 1800),
       Not(CS2040S TUT 21 on Day 3 @ 1000 - 1200),
       Not(CS2040S TUT 12 on Day 2 @ 1400 - 1600),
       Not(CS2040S TUT 09 on Day 2 @ 1200 - 1400)),
   And(CS2040S TUT 35 on Day 3 @ 1500 - 1700,
       Not(CS2040S TUT 26 on Day 3 @ 1100 - 1300),
       Not(CS2040S TUT 30 on Day 3 @ 1200 - 1400),
       Not(CS2040S TUT 41 on Day 3 @ 1600 - 1800),
       Not(CS2040S TUT 32 on Day 3 @ 1500 - 1700),
       Not(CS2040S TUT 20 on Day 3 @ 1000 - 1200),
       Not(CS2040S TUT 01 on Day 2 @ 900 - 1100),
       Not(CS2040S TUT 14 on Day 2 @ 1500 - 1700),
       Not(CS2040S TUT 29 on Day 3 @ 1200 - 1400),
       Not(CS2040S TUT 25 on Day 3 @ 1100 - 1300),
       Not(CS2040S TUT 24 on Day 3 @ 1000 - 1200),
       Not(CS2040S TUT 33 on Day 3 @ 1500 - 1700),
       Not(CS2040S TUT 39 on Day 3 @ 1600 - 1800),
       Not(CS2040S TUT 13 on Day 2 @ 1400 - 1600),
       Not(CS2040S TUT 15 on Day 2 @ 1500 - 1700),
       Not(CS2040S TUT 16 on Day 2 @ 1600 - 1800),
       Not(CS2040S TUT 19 on Day 2 @ 1600 - 1800),
       Not(CS2040S TUT 23 on Day 3 @ 1000 - 1200),
       Not(CS2040S TUT 08 on Day 2 @ 1200 - 1400),
       Not(CS2040S TUT 27 on Day 3 @ 1100 - 1300),
       Not(CS2040S TUT 03 on Day 2 @ 1000 - 1200),
       Not(CS2040S TUT 10 on Day 2 @ 1300 - 1500),
       Not(CS2040S TUT 07 on Day 2 @ 1100 - 1300),
       Not(CS2040S TUT 22 on Day 3 @ 1000 - 1200),
       Not(CS2040S TUT 34 on Day 3 @ 1500 - 1700),
       Not(CS2040S TUT 18 on Day 2 @ 1600 - 1800),
       Not(CS2040S TUT 05 on Day 2 @ 1100 - 1300),
       Not(CS2040S TUT 06 on Day 2 @ 1100 - 1300),
       Not(CS2040S TUT 40 on Day 3 @ 1600 - 1800),
       Not(CS2040S TUT 38 on Day 3 @ 1600 - 1800),
       Not(CS2040S TUT 31 on Day 3 @ 1200 - 1400),
       Not(CS2040S TUT 37 on Day 3 @ 1600 - 1800),
       Not(CS2040S TUT 28 on Day 3 @ 1100 - 1300),
       Not(CS2040S TUT 11 on Day 2 @ 1300 - 1500),
       Not(CS2040S TUT 02 on Day 2 @ 1000 - 1200),
       Not(CS2040S TUT 04 on Day 2 @ 1000 - 1200),
       Not(CS2040S TUT 36 on Day 3 @ 1600 - 1800),
       Not(CS2040S TUT 17 on Day 2 @ 1600 - 1800),
       Not(CS2040S TUT 21 on Day 3 @ 1000 - 1200),
       Not(CS2040S TUT 12 on Day 2 @ 1400 - 1600),
       Not(CS2040S TUT 09 on Day 2 @ 1200 - 1400)),
   And(CS2040S TUT 41 on Day 3 @ 1600 - 1800,
       Not(CS2040S TUT 26 on Day 3 @ 1100 - 1300),
       Not(CS2040S TUT 30 on Day 3 @ 1200 - 1400),
       Not(CS2040S TUT 35 on Day 3 @ 1500 - 1700),
       Not(CS2040S TUT 32 on Day 3 @ 1500 - 1700),
       Not(CS2040S TUT 20 on Day 3 @ 1000 - 1200),
       Not(CS2040S TUT 01 on Day 2 @ 900 - 1100),
       Not(CS2040S TUT 14 on Day 2 @ 1500 - 1700),
       Not(CS2040S TUT 29 on Day 3 @ 1200 - 1400),
       Not(CS2040S TUT 25 on Day 3 @ 1100 - 1300),
       Not(CS2040S TUT 24 on Day 3 @ 1000 - 1200),
       Not(CS2040S TUT 33 on Day 3 @ 1500 - 1700),
       Not(CS2040S TUT 39 on Day 3 @ 1600 - 1800),
       Not(CS2040S TUT 13 on Day 2 @ 1400 - 1600),
       Not(CS2040S TUT 15 on Day 2 @ 1500 - 1700),
       Not(CS2040S TUT 16 on Day 2 @ 1600 - 1800),
       Not(CS2040S TUT 19 on Day 2 @ 1600 - 1800),
       Not(CS2040S TUT 23 on Day 3 @ 1000 - 1200),
       Not(CS2040S TUT 08 on Day 2 @ 1200 - 1400),
       Not(CS2040S TUT 27 on Day 3 @ 1100 - 1300),
       Not(CS2040S TUT 03 on Day 2 @ 1000 - 1200),
       Not(CS2040S TUT 10 on Day 2 @ 1300 - 1500),
       Not(CS2040S TUT 07 on Day 2 @ 1100 - 1300),
       Not(CS2040S TUT 22 on Day 3 @ 1000 - 1200),
       Not(CS2040S TUT 34 on Day 3 @ 1500 - 1700),
       Not(CS2040S TUT 18 on Day 2 @ 1600 - 1800),
       Not(CS2040S TUT 05 on Day 2 @ 1100 - 1300),
       Not(CS2040S TUT 06 on Day 2 @ 1100 - 1300),
       Not(CS2040S TUT 40 on Day 3 @ 1600 - 1800),
       Not(CS2040S TUT 38 on Day 3 @ 1600 - 1800),
       Not(CS2040S TUT 31 on Day 3 @ 1200 - 1400),
       Not(CS2040S TUT 37 on Day 3 @ 1600 - 1800),
       Not(CS2040S TUT 28 on Day 3 @ 1100 - 1300),
       Not(CS2040S TUT 11 on Day 2 @ 1300 - 1500),
       Not(CS2040S TUT 02 on Day 2 @ 1000 - 1200),
       Not(CS2040S TUT 04 on Day 2 @ 1000 - 1200),
       Not(CS2040S TUT 36 on Day 3 @ 1600 - 1800),
       Not(CS2040S TUT 17 on Day 2 @ 1600 - 1800),
       Not(CS2040S TUT 21 on Day 3 @ 1000 - 1200),
       Not(CS2040S TUT 12 on Day 2 @ 1400 - 1600),
       Not(CS2040S TUT 09 on Day 2 @ 1200 - 1400)),
   And(CS2040S TUT 32 on Day 3 @ 1500 - 1700,
       Not(CS2040S TUT 26 on Day 3 @ 1100 - 1300),
       Not(CS2040S TUT 30 on Day 3 @ 1200 - 1400),
       Not(CS2040S TUT 35 on Day 3 @ 1500 - 1700),
       Not(CS2040S TUT 41 on Day 3 @ 1600 - 1800),
       Not(CS2040S TUT 20 on Day 3 @ 1000 - 1200),
       Not(CS2040S TUT 01 on Day 2 @ 900 - 1100),
       Not(CS2040S TUT 14 on Day 2 @ 1500 - 1700),
       Not(CS2040S TUT 29 on Day 3 @ 1200 - 1400),
       Not(CS2040S TUT 25 on Day 3 @ 1100 - 1300),
       Not(CS2040S TUT 24 on Day 3 @ 1000 - 1200),
       Not(CS2040S TUT 33 on Day 3 @ 1500 - 1700),
       Not(CS2040S TUT 39 on Day 3 @ 1600 - 1800),
       Not(CS2040S TUT 13 on Day 2 @ 1400 - 1600),
       Not(CS2040S TUT 15 on Day 2 @ 1500 - 1700),
       Not(CS2040S TUT 16 on Day 2 @ 1600 - 1800),
       Not(CS2040S TUT 19 on Day 2 @ 1600 - 1800),
       Not(CS2040S TUT 23 on Day 3 @ 1000 - 1200),
       Not(CS2040S TUT 08 on Day 2 @ 1200 - 1400),
       Not(CS2040S TUT 27 on Day 3 @ 1100 - 1300),
       Not(CS2040S TUT 03 on Day 2 @ 1000 - 1200),
       Not(CS2040S TUT 10 on Day 2 @ 1300 - 1500),
       Not(CS2040S TUT 07 on Day 2 @ 1100 - 1300),
       Not(CS2040S TUT 22 on Day 3 @ 1000 - 1200),
       Not(CS2040S TUT 34 on Day 3 @ 1500 - 1700),
       Not(CS2040S TUT 18 on Day 2 @ 1600 - 1800),
       Not(CS2040S TUT 05 on Day 2 @ 1100 - 1300),
       Not(CS2040S TUT 06 on Day 2 @ 1100 - 1300),
       Not(CS2040S TUT 40 on Day 3 @ 1600 - 1800),
       Not(CS2040S TUT 38 on Day 3 @ 1600 - 1800),
       Not(CS2040S TUT 31 on Day 3 @ 1200 - 1400),
       Not(CS2040S TUT 37 on Day 3 @ 1600 - 1800),
       Not(CS2040S TUT 28 on Day 3 @ 1100 - 1300),
       Not(CS2040S TUT 11 on Day 2 @ 1300 - 1500),
       Not(CS2040S TUT 02 on Day 2 @ 1000 - 1200),
       Not(CS2040S TUT 04 on Day 2 @ 1000 - 1200),
...
Or(And(CS2040S REC 07 on Day 4 @ 1500 - 1600,
       Not(CS2040S REC 10 on Day 5 @ 900 - 1000),
       Not(CS2040S REC 12 on Day 5 @ 1100 - 1200),
       Not(CS2040S REC 11 on Day 5 @ 1000 - 1100),
       Not(CS2040S REC 09 on Day 4 @ 1700 - 1800),
       Not(CS2040S REC 13 on Day 5 @ 1200 - 1300),
       Not(CS2040S REC 04 on Day 4 @ 1200 - 1300),
       Not(CS2040S REC 06 on Day 4 @ 1400 - 1500),
       Not(CS2040S REC 01 on Day 4 @ 900 - 1000),
       Not(CS2040S REC 05 on Day 4 @ 1300 - 1400),
       Not(CS2040S REC 03 on Day 4 @ 1100 - 1200),
       Not(CS2040S REC 02 on Day 4 @ 1000 - 1100),
       Not(CS2040S REC 08 on Day 4 @ 1600 - 1700)),
   And(CS2040S REC 10 on Day 5 @ 900 - 1000,
       Not(CS2040S REC 07 on Day 4 @ 1500 - 1600),
       Not(CS2040S REC 12 on Day 5 @ 1100 - 1200),
       Not(CS2040S REC 11 on Day 5 @ 1000 - 1100),
       Not(CS2040S REC 09 on Day 4 @ 1700 - 1800),
       Not(CS2040S REC 13 on Day 5 @ 1200 - 1300),
       Not(CS2040S REC 04 on Day 4 @ 1200 - 1300),
       Not(CS2040S REC 06 on Day 4 @ 1400 - 1500),
       Not(CS2040S REC 01 on Day 4 @ 900 - 1000),
       Not(CS2040S REC 05 on Day 4 @ 1300 - 1400),
       Not(CS2040S REC 03 on Day 4 @ 1100 - 1200),
       Not(CS2040S REC 02 on Day 4 @ 1000 - 1100),
       Not(CS2040S REC 08 on Day 4 @ 1600 - 1700)),
   And(CS2040S REC 12 on Day 5 @ 1100 - 1200,
       Not(CS2040S REC 07 on Day 4 @ 1500 - 1600),
       Not(CS2040S REC 10 on Day 5 @ 900 - 1000),
       Not(CS2040S REC 11 on Day 5 @ 1000 - 1100),
       Not(CS2040S REC 09 on Day 4 @ 1700 - 1800),
       Not(CS2040S REC 13 on Day 5 @ 1200 - 1300),
       Not(CS2040S REC 04 on Day 4 @ 1200 - 1300),
       Not(CS2040S REC 06 on Day 4 @ 1400 - 1500),
       Not(CS2040S REC 01 on Day 4 @ 900 - 1000),
       Not(CS2040S REC 05 on Day 4 @ 1300 - 1400),
       Not(CS2040S REC 03 on Day 4 @ 1100 - 1200),
       Not(CS2040S REC 02 on Day 4 @ 1000 - 1100),
       Not(CS2040S REC 08 on Day 4 @ 1600 - 1700)),
   And(CS2040S REC 11 on Day 5 @ 1000 - 1100,
       Not(CS2040S REC 07 on Day 4 @ 1500 - 1600),
       Not(CS2040S REC 10 on Day 5 @ 900 - 1000),
       Not(CS2040S REC 12 on Day 5 @ 1100 - 1200),
       Not(CS2040S REC 09 on Day 4 @ 1700 - 1800),
       Not(CS2040S REC 13 on Day 5 @ 1200 - 1300),
       Not(CS2040S REC 04 on Day 4 @ 1200 - 1300),
       Not(CS2040S REC 06 on Day 4 @ 1400 - 1500),
       Not(CS2040S REC 01 on Day 4 @ 900 - 1000),
       Not(CS2040S REC 05 on Day 4 @ 1300 - 1400),
       Not(CS2040S REC 03 on Day 4 @ 1100 - 1200),
       Not(CS2040S REC 02 on Day 4 @ 1000 - 1100),
       Not(CS2040S REC 08 on Day 4 @ 1600 - 1700)),
   And(CS2040S REC 09 on Day 4 @ 1700 - 1800,
       Not(CS2040S REC 07 on Day 4 @ 1500 - 1600),
       Not(CS2040S REC 10 on Day 5 @ 900 - 1000),
       Not(CS2040S REC 12 on Day 5 @ 1100 - 1200),
       Not(CS2040S REC 11 on Day 5 @ 1000 - 1100),
       Not(CS2040S REC 13 on Day 5 @ 1200 - 1300),
       Not(CS2040S REC 04 on Day 4 @ 1200 - 1300),
       Not(CS2040S REC 06 on Day 4 @ 1400 - 1500),
       Not(CS2040S REC 01 on Day 4 @ 900 - 1000),
       Not(CS2040S REC 05 on Day 4 @ 1300 - 1400),
       Not(CS2040S REC 03 on Day 4 @ 1100 - 1200),
       Not(CS2040S REC 02 on Day 4 @ 1000 - 1100),
       Not(CS2040S REC 08 on Day 4 @ 1600 - 1700)),
   And(CS2040S REC 13 on Day 5 @ 1200 - 1300,
       Not(CS2040S REC 07 on Day 4 @ 1500 - 1600),
       Not(CS2040S REC 10 on Day 5 @ 900 - 1000),
       Not(CS2040S REC 12 on Day 5 @ 1100 - 1200),
       Not(CS2040S REC 11 on Day 5 @ 1000 - 1100),
       Not(CS2040S REC 09 on Day 4 @ 1700 - 1800),
       Not(CS2040S REC 04 on Day 4 @ 1200 - 1300),
       Not(CS2040S REC 06 on Day 4 @ 1400 - 1500),
       Not(CS2040S REC 01 on Day 4 @ 900 - 1000),
       Not(CS2040S REC 05 on Day 4 @ 1300 - 1400),
       Not(CS2040S REC 03 on Day 4 @ 1100 - 1200),
       Not(CS2040S REC 02 on Day 4 @ 1000 - 1100),
       Not(CS2040S REC 08 on Day 4 @ 1600 - 1700)),
   And(CS2040S REC 04 on Day 4 @ 1200 - 1300,
       Not(CS2040S REC 07 on Day 4 @ 1500 - 1600),
       Not(CS2040S REC 10 on Day 5 @ 900 - 1000),
       Not(CS2040S REC 12 on Day 5 @ 1100 - 1200),
       Not(CS2040S REC 11 on Day 5 @ 1000 - 1100),
       Not(CS2040S REC 09 on Day 4 @ 1700 - 1800),
       Not(CS2040S REC 13 on Day 5 @ 1200 - 1300),
       Not(CS2040S REC 06 on Day 4 @ 1400 - 1500),
       Not(CS2040S REC 01 on Day 4 @ 900 - 1000),
       Not(CS2040S REC 05 on Day 4 @ 1300 - 1400),
       Not(CS2040S REC 03 on Day 4 @ 1100 - 1200),
       Not(CS2040S REC 02 on Day 4 @ 1000 - 1100),
       Not(CS2040S REC 08 on Day 4 @ 1600 - 1700)),
   And(CS2040S REC 06 on Day 4 @ 1400 - 1500,
       Not(CS2040S REC 07 on Day 4 @ 1500 - 1600),
       Not(CS2040S REC 10 on Day 5 @ 900 - 1000),
       Not(CS2040S REC 12 on Day 5 @ 1100 - 1200),
       Not(CS2040S REC 11 on Day 5 @ 1000 - 1100),
       Not(CS2040S REC 09 on Day 4 @ 1700 - 1800),
       Not(CS2040S REC 13 on Day 5 @ 1200 - 1300),
       Not(CS2040S REC 04 on Day 4 @ 1200 - 1300),
       Not(CS2040S REC 01 on Day 4 @ 900 - 1000),
       Not(CS2040S REC 05 on Day 4 @ 1300 - 1400),
       Not(CS2040S REC 03 on Day 4 @ 1100 - 1200),
       Not(CS2040S REC 02 on Day 4 @ 1000 - 1100),
       Not(CS2040S REC 08 on Day 4 @ 1600 - 1700)),
   And(CS2040S REC 01 on Day 4 @ 900 - 1000,
       Not(CS2040S REC 07 on Day 4 @ 1500 - 1600),
       Not(CS2040S REC 10 on Day 5 @ 900 - 1000),
       Not(CS2040S REC 12 on Day 5 @ 1100 - 1200),
       Not(CS2040S REC 11 on Day 5 @ 1000 - 1100),
       Not(CS2040S REC 09 on Day 4 @ 1700 - 1800),
       Not(CS2040S REC 13 on Day 5 @ 1200 - 1300),
       Not(CS2040S REC 04 on Day 4 @ 1200 - 1300),
       Not(CS2040S REC 06 on Day 4 @ 1400 - 1500),
       Not(CS2040S REC 05 on Day 4 @ 1300 - 1400),
       Not(CS2040S REC 03 on Day 4 @ 1100 - 1200),
       Not(CS2040S REC 02 on Day 4 @ 1000 - 1100),
       Not(CS2040S REC 08 on Day 4 @ 1600 - 1700)),
   And(CS2040S REC 05 on Day 4 @ 1300 - 1400,
       Not(CS2040S REC 07 on Day 4 @ 1500 - 1600),
       Not(CS2040S REC 10 on Day 5 @ 900 - 1000),
       Not(CS2040S REC 12 on Day 5 @ 1100 - 1200),
       Not(CS2040S REC 11 on Day 5 @ 1000 - 1100),
       Not(CS2040S REC 09 on Day 4 @ 1700 - 1800),
       Not(CS2040S REC 13 on Day 5 @ 1200 - 1300),
       Not(CS2040S REC 04 on Day 4 @ 1200 - 1300),
       Not(CS2040S REC 06 on Day 4 @ 1400 - 1500),
       Not(CS2040S REC 01 on Day 4 @ 900 - 1000),
       Not(CS2040S REC 03 on Day 4 @ 1100 - 1200),
       Not(CS2040S REC 02 on Day 4 @ 1000 - 1100),
       Not(CS2040S REC 08 on Day 4 @ 1600 - 1700)),
   And(CS2040S REC 03 on Day 4 @ 1100 - 1200,
       Not(CS2040S REC 07 on Day 4 @ 1500 - 1600),
       Not(CS2040S REC 10 on Day 5 @ 900 - 1000),
       Not(CS2040S REC 12 on Day 5 @ 1100 - 1200),
       Not(CS2040S REC 11 on Day 5 @ 1000 - 1100),
       Not(CS2040S REC 09 on Day 4 @ 1700 - 1800),
       Not(CS2040S REC 13 on Day 5 @ 1200 - 1300),
       Not(CS2040S REC 04 on Day 4 @ 1200 - 1300),
       Not(CS2040S REC 06 on Day 4 @ 1400 - 1500),
       Not(CS2040S REC 01 on Day 4 @ 900 - 1000),
       Not(CS2040S REC 05 on Day 4 @ 1300 - 1400),
       Not(CS2040S REC 02 on Day 4 @ 1000 - 1100),
       Not(CS2040S REC 08 on Day 4 @ 1600 - 1700)),
   And(CS2040S REC 02 on Day 4 @ 1000 - 1100,
       Not(CS2040S REC 07 on Day 4 @ 1500 - 1600),
       Not(CS2040S REC 10 on Day 5 @ 900 - 1000),
       Not(CS2040S REC 12 on Day 5 @ 1100 - 1200),
       Not(CS2040S REC 11 on Day 5 @ 1000 - 1100),
       Not(CS2040S REC 09 on Day 4 @ 1700 - 1800),
       Not(CS2040S REC 13 on Day 5 @ 1200 - 1300),
       Not(CS2040S REC 04 on Day 4 @ 1200 - 1300),
       Not(CS2040S REC 06 on Day 4 @ 1400 - 1500),
       Not(CS2040S REC 01 on Day 4 @ 900 - 1000),
       Not(CS2040S REC 05 on Day 4 @ 1300 - 1400),
       Not(CS2040S REC 03 on Day 4 @ 1100 - 1200),
       Not(CS2040S REC 08 on Day 4 @ 1600 - 1700)),
   And(CS2040S REC 08 on Day 4 @ 1600 - 1700,
       Not(CS2040S REC 07 on Day 4 @ 1500 - 1600),
       Not(CS2040S REC 10 on Day 5 @ 900 - 1000),
       Not(CS2040S REC 12 on Day 5 @ 1100 - 1200),
       Not(CS2040S REC 11 on Day 5 @ 1000 - 1100),
       Not(CS2040S REC 09 on Day 4 @ 1700 - 1800),
       Not(CS2040S REC 13 on Day 5 @ 1200 - 1300),
       Not(CS2040S REC 04 on Day 4 @ 1200 - 1300),
       Not(CS2040S REC 06 on Day 4 @ 1400 - 1500),
       Not(CS2040S REC 01 on Day 4 @ 900 - 1000),
       Not(CS2040S REC 05 on Day 4 @ 1300 - 1400),
       Not(CS2040S REC 03 on Day 4 @ 1100 - 1200),
       Not(CS2040S REC 02 on Day 4 @ 1000 - 1100)))
AtMost((And(CS2040S LEC 1 on Day 3 @ 1400 - 1500,
            CS2040S LEC 1 on Day 1 @ 1600 - 1800)),
       1)
at-least(And(CS2040S LEC 1 on Day 3 @ 1400 - 1500,
             CS2040S LEC 1 on Day 1 @ 1600 - 1800))
AtMost((CM1102 TUT 1 on Day 1 @ 1100 - 1200), 1)
AtMost((CM1102 TUT 2 on Day 1 @ 1400 - 1500), 1)
AtMost((MA2104 TUT 1 on Day 1 @ 900 - 1000), 1)
AtMost((MA2104 TUT 2 on Day 1 @ 1000 - 1100), 1)
AtMost((CS2040S LEC 1 on Day 1 @ 1600 - 1800), 1)
AtMost((CM1102 TUT 5 on Day 2 @ 1300 - 1400,
        CS2040S TUT 08 on Day 2 @ 1200 - 1400,
        CS2040S TUT 10 on Day 2 @ 1300 - 1500,
        CS2040S TUT 11 on Day 2 @ 1300 - 1500,
        CS2040S TUT 09 on Day 2 @ 1200 - 1400),
       1)
AtMost((CS2040S TUT 01 on Day 2 @ 900 - 1100,
        CS2040S TUT 03 on Day 2 @ 1000 - 1200,
        CS2040S TUT 02 on Day 2 @ 1000 - 1200,
        CS2040S TUT 04 on Day 2 @ 1000 - 1200),
       1)
AtMost((CS2040S TUT 14 on Day 2 @ 1500 - 1700,
        CS2040S TUT 13 on Day 2 @ 1400 - 1600,
        CS2040S TUT 15 on Day 2 @ 1500 - 1700,
        CS2040S TUT 16 on Day 2 @ 1600 - 1800,
        CS2040S TUT 19 on Day 2 @ 1600 - 1800,
        CS2040S TUT 18 on Day 2 @ 1600 - 1800,
        CS2040S TUT 17 on Day 2 @ 1600 - 1800,
        CS2040S TUT 12 on Day 2 @ 1400 - 1600),
       1)
AtMost((CS2040S TUT 14 on Day 2 @ 1500 - 1700,
        CS2040S TUT 13 on Day 2 @ 1400 - 1600,
        CS2040S TUT 15 on Day 2 @ 1500 - 1700,
        CS2040S TUT 10 on Day 2 @ 1300 - 1500,
        CS2040S TUT 11 on Day 2 @ 1300 - 1500,
        CS2040S TUT 12 on Day 2 @ 1400 - 1600),
       1)
AtMost((CS2040S TUT 14 on Day 2 @ 1500 - 1700,
        CS2040S TUT 13 on Day 2 @ 1400 - 1600,
        CS2040S TUT 15 on Day 2 @ 1500 - 1700,
        CS2040S TUT 16 on Day 2 @ 1600 - 1800,
        CS2040S TUT 19 on Day 2 @ 1600 - 1800,
        CS2040S TUT 18 on Day 2 @ 1600 - 1800,
        CS2040S TUT 17 on Day 2 @ 1600 - 1800,
        CS2040S TUT 12 on Day 2 @ 1400 - 1600),
       1)
AtMost((CS2040S TUT 14 on Day 2 @ 1500 - 1700,
        CS2040S TUT 15 on Day 2 @ 1500 - 1700,
        CS2040S TUT 16 on Day 2 @ 1600 - 1800,
        CS2040S TUT 19 on Day 2 @ 1600 - 1800,
        CS2040S TUT 18 on Day 2 @ 1600 - 1800,
        CS2040S TUT 17 on Day 2 @ 1600 - 1800),
       1)
AtMost((CS2040S TUT 14 on Day 2 @ 1500 - 1700,
        CS2040S TUT 15 on Day 2 @ 1500 - 1700,
        CS2040S TUT 16 on Day 2 @ 1600 - 1800,
        CS2040S TUT 19 on Day 2 @ 1600 - 1800,
        CS2040S TUT 18 on Day 2 @ 1600 - 1800,
        CS2040S TUT 17 on Day 2 @ 1600 - 1800),
       1)
AtMost((CM1102 TUT 5 on Day 2 @ 1300 - 1400,
        CS2040S TUT 08 on Day 2 @ 1200 - 1400,
        CS2040S TUT 10 on Day 2 @ 1300 - 1500,
        CS2040S TUT 07 on Day 2 @ 1100 - 1300,
        CS2040S TUT 05 on Day 2 @ 1100 - 1300,
        CS2040S TUT 06 on Day 2 @ 1100 - 1300,
        CS2040S TUT 11 on Day 2 @ 1300 - 1500,
        CS2040S TUT 09 on Day 2 @ 1200 - 1400),
       1)
AtMost((CS2040S TUT 01 on Day 2 @ 900 - 1100,
        CS2040S TUT 03 on Day 2 @ 1000 - 1200,
        CS2040S TUT 07 on Day 2 @ 1100 - 1300,
        CS2040S TUT 05 on Day 2 @ 1100 - 1300,
        CS2040S TUT 06 on Day 2 @ 1100 - 1300,
        CS2040S TUT 02 on Day 2 @ 1000 - 1200,
        CS2040S TUT 04 on Day 2 @ 1000 - 1200),
       1)
AtMost((CM1102 TUT 5 on Day 2 @ 1300 - 1400,
        CS2040S TUT 13 on Day 2 @ 1400 - 1600,
        CS2040S TUT 08 on Day 2 @ 1200 - 1400,
        CS2040S TUT 10 on Day 2 @ 1300 - 1500,
        CS2040S TUT 11 on Day 2 @ 1300 - 1500,
        CS2040S TUT 12 on Day 2 @ 1400 - 1600,
        CS2040S TUT 09 on Day 2 @ 1200 - 1400),
       1)
AtMost((CS2040S TUT 08 on Day 2 @ 1200 - 1400,
        CS2040S TUT 03 on Day 2 @ 1000 - 1200,
        CS2040S TUT 07 on Day 2 @ 1100 - 1300,
        CS2040S TUT 05 on Day 2 @ 1100 - 1300,
        CS2040S TUT 06 on Day 2 @ 1100 - 1300,
        CS2040S TUT 02 on Day 2 @ 1000 - 1200,
        CS2040S TUT 04 on Day 2 @ 1000 - 1200,
        CS2040S TUT 09 on Day 2 @ 1200 - 1400),
       1)
AtMost((CS2040S TUT 14 on Day 2 @ 1500 - 1700,
        CS2040S TUT 15 on Day 2 @ 1500 - 1700,
        CS2040S TUT 16 on Day 2 @ 1600 - 1800,
        CS2040S TUT 19 on Day 2 @ 1600 - 1800,
        CS2040S TUT 18 on Day 2 @ 1600 - 1800,
        CS2040S TUT 17 on Day 2 @ 1600 - 1800),
       1)
AtMost((CS2040S TUT 08 on Day 2 @ 1200 - 1400,
        CS2040S TUT 03 on Day 2 @ 1000 - 1200,
        CS2040S TUT 07 on Day 2 @ 1100 - 1300,
        CS2040S TUT 05 on Day 2 @ 1100 - 1300,
        CS2040S TUT 06 on Day 2 @ 1100 - 1300,
        CS2040S TUT 02 on Day 2 @ 1000 - 1200,
        CS2040S TUT 04 on Day 2 @ 1000 - 1200,
        CS2040S TUT 09 on Day 2 @ 1200 - 1400),
       1)
AtMost((CS2040S TUT 08 on Day 2 @ 1200 - 1400,
        CS2040S TUT 03 on Day 2 @ 1000 - 1200,
        CS2040S TUT 07 on Day 2 @ 1100 - 1300,
        CS2040S TUT 05 on Day 2 @ 1100 - 1300,
        CS2040S TUT 06 on Day 2 @ 1100 - 1300,
        CS2040S TUT 02 on Day 2 @ 1000 - 1200,
        CS2040S TUT 04 on Day 2 @ 1000 - 1200,
        CS2040S TUT 09 on Day 2 @ 1200 - 1400),
       1)
AtMost((CM1102 TUT 5 on Day 2 @ 1300 - 1400,
        CS2040S TUT 13 on Day 2 @ 1400 - 1600,
        CS2040S TUT 08 on Day 2 @ 1200 - 1400,
        CS2040S TUT 10 on Day 2 @ 1300 - 1500,
        CS2040S TUT 11 on Day 2 @ 1300 - 1500,
        CS2040S TUT 12 on Day 2 @ 1400 - 1600,
        CS2040S TUT 09 on Day 2 @ 1200 - 1400),
       1)
AtMost((CS2040S TUT 01 on Day 2 @ 900 - 1100,
        CS2040S TUT 03 on Day 2 @ 1000 - 1200,
        CS2040S TUT 07 on Day 2 @ 1100 - 1300,
        CS2040S TUT 05 on Day 2 @ 1100 - 1300,
        CS2040S TUT 06 on Day 2 @ 1100 - 1300,
        CS2040S TUT 02 on Day 2 @ 1000 - 1200,
        CS2040S TUT 04 on Day 2 @ 1000 - 1200),
       1)
AtMost((CS2040S TUT 01 on Day 2 @ 900 - 1100,
        CS2040S TUT 03 on Day 2 @ 1000 - 1200,
        CS2040S TUT 07 on Day 2 @ 1100 - 1300,
        CS2040S TUT 05 on Day 2 @ 1100 - 1300,
        CS2040S TUT 06 on Day 2 @ 1100 - 1300,
        CS2040S TUT 02 on Day 2 @ 1000 - 1200,
        CS2040S TUT 04 on Day 2 @ 1000 - 1200),
       1)
AtMost((CS2040S TUT 14 on Day 2 @ 1500 - 1700,
        CS2040S TUT 15 on Day 2 @ 1500 - 1700,
        CS2040S TUT 16 on Day 2 @ 1600 - 1800,
        CS2040S TUT 19 on Day 2 @ 1600 - 1800,
        CS2040S TUT 18 on Day 2 @ 1600 - 1800,
        CS2040S TUT 17 on Day 2 @ 1600 - 1800),
       1)
AtMost((CS2040S TUT 14 on Day 2 @ 1500 - 1700,
        CS2040S TUT 13 on Day 2 @ 1400 - 1600,
        CS2040S TUT 15 on Day 2 @ 1500 - 1700,
        CS2040S TUT 10 on Day 2 @ 1300 - 1500,
        CS2040S TUT 11 on Day 2 @ 1300 - 1500,
        CS2040S TUT 12 on Day 2 @ 1400 - 1600),
       1)
AtMost((CM1102 TUT 5 on Day 2 @ 1300 - 1400,
        CS2040S TUT 08 on Day 2 @ 1200 - 1400,
        CS2040S TUT 10 on Day 2 @ 1300 - 1500,
        CS2040S TUT 07 on Day 2 @ 1100 - 1300,
        CS2040S TUT 05 on Day 2 @ 1100 - 1300,
        CS2040S TUT 06 on Day 2 @ 1100 - 1300,
        CS2040S TUT 11 on Day 2 @ 1300 - 1500,
        CS2040S TUT 09 on Day 2 @ 1200 - 1400),
       1)
AtMost((CM1102 LEC 1 on Day 3 @ 1200 - 1400,
        CS2040S TUT 26 on Day 3 @ 1100 - 1300,
        CS2040S TUT 30 on Day 3 @ 1200 - 1400,
        CS2040S TUT 29 on Day 3 @ 1200 - 1400,
        CS2040S TUT 25 on Day 3 @ 1100 - 1300,
        CS2040S TUT 27 on Day 3 @ 1100 - 1300,
        CS2040S TUT 31 on Day 3 @ 1200 - 1400,
        CS2040S TUT 28 on Day 3 @ 1100 - 1300),
       1)
AtMost((MA2104 LEC 1 on Day 3 @ 1000 - 1200,
        CS2040S TUT 26 on Day 3 @ 1100 - 1300,
        CS2040S TUT 20 on Day 3 @ 1000 - 1200,
        CS2040S TUT 25 on Day 3 @ 1100 - 1300,
        CS2040S TUT 24 on Day 3 @ 1000 - 1200,
        CS2040S TUT 23 on Day 3 @ 1000 - 1200,
        CS2040S TUT 27 on Day 3 @ 1100 - 1300,
        CS2040S TUT 22 on Day 3 @ 1000 - 1200,
        CS2040S TUT 28 on Day 3 @ 1100 - 1300,
        CS2040S TUT 21 on Day 3 @ 1000 - 1200),
       1)
AtMost((CS2040S LEC 1 on Day 3 @ 1400 - 1500), 1)
AtMost((CM1102 LEC 1 on Day 3 @ 1200 - 1400,
        MA2104 LEC 1 on Day 3 @ 1000 - 1200,
        CS2040S TUT 26 on Day 3 @ 1100 - 1300,
        CS2040S TUT 30 on Day 3 @ 1200 - 1400,
        CS2040S TUT 20 on Day 3 @ 1000 - 1200,
        CS2040S TUT 29 on Day 3 @ 1200 - 1400,
        CS2040S TUT 25 on Day 3 @ 1100 - 1300,
        CS2040S TUT 24 on Day 3 @ 1000 - 1200,
        CS2040S TUT 23 on Day 3 @ 1000 - 1200,
        CS2040S TUT 27 on Day 3 @ 1100 - 1300,
        CS2040S TUT 22 on Day 3 @ 1000 - 1200,
        CS2040S TUT 31 on Day 3 @ 1200 - 1400,
        CS2040S TUT 28 on Day 3 @ 1100 - 1300,
        CS2040S TUT 21 on Day 3 @ 1000 - 1200),
       1)
AtMost((CM1102 LEC 1 on Day 3 @ 1200 - 1400,
        CS2040S TUT 26 on Day 3 @ 1100 - 1300,
        CS2040S TUT 30 on Day 3 @ 1200 - 1400,
        CS2040S TUT 29 on Day 3 @ 1200 - 1400,
        CS2040S TUT 25 on Day 3 @ 1100 - 1300,
        CS2040S TUT 27 on Day 3 @ 1100 - 1300,
        CS2040S TUT 31 on Day 3 @ 1200 - 1400,
        CS2040S TUT 28 on Day 3 @ 1100 - 1300),
       1)
AtMost((CS2040S TUT 35 on Day 3 @ 1500 - 1700,
        CS2040S TUT 41 on Day 3 @ 1600 - 1800,
        CS2040S TUT 32 on Day 3 @ 1500 - 1700,
        CS2040S TUT 33 on Day 3 @ 1500 - 1700,
        CS2040S TUT 39 on Day 3 @ 1600 - 1800,
        CS2040S TUT 34 on Day 3 @ 1500 - 1700,
        CS2040S TUT 40 on Day 3 @ 1600 - 1800,
        CS2040S TUT 38 on Day 3 @ 1600 - 1800,
        CS2040S TUT 37 on Day 3 @ 1600 - 1800,
        CS2040S TUT 36 on Day 3 @ 1600 - 1800),
       1)
AtMost((CS2040S TUT 35 on Day 3 @ 1500 - 1700,
        CS2040S TUT 41 on Day 3 @ 1600 - 1800,
        CS2040S TUT 32 on Day 3 @ 1500 - 1700,
        CS2040S TUT 33 on Day 3 @ 1500 - 1700,
        CS2040S TUT 39 on Day 3 @ 1600 - 1800,
        CS2040S TUT 34 on Day 3 @ 1500 - 1700,
        CS2040S TUT 40 on Day 3 @ 1600 - 1800,
        CS2040S TUT 38 on Day 3 @ 1600 - 1800,
        CS2040S TUT 37 on Day 3 @ 1600 - 1800,
        CS2040S TUT 36 on Day 3 @ 1600 - 1800),
       1)
AtMost((CS2040S TUT 35 on Day 3 @ 1500 - 1700,
        CS2040S TUT 41 on Day 3 @ 1600 - 1800,
        CS2040S TUT 32 on Day 3 @ 1500 - 1700,
        CS2040S TUT 33 on Day 3 @ 1500 - 1700,
        CS2040S TUT 39 on Day 3 @ 1600 - 1800,
        CS2040S TUT 34 on Day 3 @ 1500 - 1700,
        CS2040S TUT 40 on Day 3 @ 1600 - 1800,
        CS2040S TUT 38 on Day 3 @ 1600 - 1800,
        CS2040S TUT 37 on Day 3 @ 1600 - 1800,
        CS2040S TUT 36 on Day 3 @ 1600 - 1800),
       1)
AtMost((MA2104 LEC 1 on Day 3 @ 1000 - 1200,
        CS2040S TUT 26 on Day 3 @ 1100 - 1300,
        CS2040S TUT 20 on Day 3 @ 1000 - 1200,
        CS2040S TUT 25 on Day 3 @ 1100 - 1300,
        CS2040S TUT 24 on Day 3 @ 1000 - 1200,
        CS2040S TUT 23 on Day 3 @ 1000 - 1200,
        CS2040S TUT 27 on Day 3 @ 1100 - 1300,
        CS2040S TUT 22 on Day 3 @ 1000 - 1200,
        CS2040S TUT 28 on Day 3 @ 1100 - 1300,
        CS2040S TUT 21 on Day 3 @ 1000 - 1200),
       1)
AtMost((CM1102 LEC 1 on Day 3 @ 1200 - 1400,
        CS2040S TUT 26 on Day 3 @ 1100 - 1300,
        CS2040S TUT 30 on Day 3 @ 1200 - 1400,
        CS2040S TUT 29 on Day 3 @ 1200 - 1400,
        CS2040S TUT 25 on Day 3 @ 1100 - 1300,
        CS2040S TUT 27 on Day 3 @ 1100 - 1300,
        CS2040S TUT 31 on Day 3 @ 1200 - 1400,
        CS2040S TUT 28 on Day 3 @ 1100 - 1300),
       1)
AtMost((CM1102 LEC 1 on Day 3 @ 1200 - 1400,
        MA2104 LEC 1 on Day 3 @ 1000 - 1200,
        CS2040S TUT 26 on Day 3 @ 1100 - 1300,
        CS2040S TUT 30 on Day 3 @ 1200 - 1400,
        CS2040S TUT 20 on Day 3 @ 1000 - 1200,
        CS2040S TUT 29 on Day 3 @ 1200 - 1400,
        CS2040S TUT 25 on Day 3 @ 1100 - 1300,
        CS2040S TUT 24 on Day 3 @ 1000 - 1200,
        CS2040S TUT 23 on Day 3 @ 1000 - 1200,
        CS2040S TUT 27 on Day 3 @ 1100 - 1300,
        CS2040S TUT 22 on Day 3 @ 1000 - 1200,
        CS2040S TUT 31 on Day 3 @ 1200 - 1400,
        CS2040S TUT 28 on Day 3 @ 1100 - 1300,
        CS2040S TUT 21 on Day 3 @ 1000 - 1200),
       1)
AtMost((MA2104 LEC 1 on Day 3 @ 1000 - 1200,
        CS2040S TUT 26 on Day 3 @ 1100 - 1300,
        CS2040S TUT 20 on Day 3 @ 1000 - 1200,
        CS2040S TUT 25 on Day 3 @ 1100 - 1300,
        CS2040S TUT 24 on Day 3 @ 1000 - 1200,
        CS2040S TUT 23 on Day 3 @ 1000 - 1200,
        CS2040S TUT 27 on Day 3 @ 1100 - 1300,
        CS2040S TUT 22 on Day 3 @ 1000 - 1200,
        CS2040S TUT 28 on Day 3 @ 1100 - 1300,
        CS2040S TUT 21 on Day 3 @ 1000 - 1200),
       1)
AtMost((CS2040S TUT 35 on Day 3 @ 1500 - 1700,
        CS2040S TUT 41 on Day 3 @ 1600 - 1800,
        CS2040S TUT 32 on Day 3 @ 1500 - 1700,
        CS2040S TUT 33 on Day 3 @ 1500 - 1700,
        CS2040S TUT 39 on Day 3 @ 1600 - 1800,
        CS2040S TUT 34 on Day 3 @ 1500 - 1700,
        CS2040S TUT 40 on Day 3 @ 1600 - 1800,
        CS2040S TUT 38 on Day 3 @ 1600 - 1800,
        CS2040S TUT 37 on Day 3 @ 1600 - 1800,
        CS2040S TUT 36 on Day 3 @ 1600 - 1800),
       1)
AtMost((CS2040S TUT 35 on Day 3 @ 1500 - 1700,
        CS2040S TUT 41 on Day 3 @ 1600 - 1800,
        CS2040S TUT 32 on Day 3 @ 1500 - 1700,
        CS2040S TUT 33 on Day 3 @ 1500 - 1700,
        CS2040S TUT 39 on Day 3 @ 1600 - 1800,
        CS2040S TUT 34 on Day 3 @ 1500 - 1700,
        CS2040S TUT 40 on Day 3 @ 1600 - 1800,
        CS2040S TUT 38 on Day 3 @ 1600 - 1800,
        CS2040S TUT 37 on Day 3 @ 1600 - 1800,
        CS2040S TUT 36 on Day 3 @ 1600 - 1800),
       1)
AtMost((MA2104 LEC 1 on Day 3 @ 1000 - 1200,
        CS2040S TUT 26 on Day 3 @ 1100 - 1300,
        CS2040S TUT 20 on Day 3 @ 1000 - 1200,
        CS2040S TUT 25 on Day 3 @ 1100 - 1300,
        CS2040S TUT 24 on Day 3 @ 1000 - 1200,
        CS2040S TUT 23 on Day 3 @ 1000 - 1200,
        CS2040S TUT 27 on Day 3 @ 1100 - 1300,
        CS2040S TUT 22 on Day 3 @ 1000 - 1200,
        CS2040S TUT 28 on Day 3 @ 1100 - 1300,
        CS2040S TUT 21 on Day 3 @ 1000 - 1200),
       1)
AtMost((CM1102 LEC 1 on Day 3 @ 1200 - 1400,
        MA2104 LEC 1 on Day 3 @ 1000 - 1200,
        CS2040S TUT 26 on Day 3 @ 1100 - 1300,
        CS2040S TUT 30 on Day 3 @ 1200 - 1400,
        CS2040S TUT 20 on Day 3 @ 1000 - 1200,
        CS2040S TUT 29 on Day 3 @ 1200 - 1400,
        CS2040S TUT 25 on Day 3 @ 1100 - 1300,
        CS2040S TUT 24 on Day 3 @ 1000 - 1200,
        CS2040S TUT 23 on Day 3 @ 1000 - 1200,
        CS2040S TUT 27 on Day 3 @ 1100 - 1300,
        CS2040S TUT 22 on Day 3 @ 1000 - 1200,
        CS2040S TUT 31 on Day 3 @ 1200 - 1400,
        CS2040S TUT 28 on Day 3 @ 1100 - 1300,
        CS2040S TUT 21 on Day 3 @ 1000 - 1200),
       1)
AtMost((MA2104 LEC 1 on Day 3 @ 1000 - 1200,
        CS2040S TUT 26 on Day 3 @ 1100 - 1300,
        CS2040S TUT 20 on Day 3 @ 1000 - 1200,
        CS2040S TUT 25 on Day 3 @ 1100 - 1300,
        CS2040S TUT 24 on Day 3 @ 1000 - 1200,
        CS2040S TUT 23 on Day 3 @ 1000 - 1200,
        CS2040S TUT 27 on Day 3 @ 1100 - 1300,
        CS2040S TUT 22 on Day 3 @ 1000 - 1200,
        CS2040S TUT 28 on Day 3 @ 1100 - 1300,
        CS2040S TUT 21 on Day 3 @ 1000 - 1200),
       1)
AtMost((CS2040S TUT 35 on Day 3 @ 1500 - 1700,
        CS2040S TUT 41 on Day 3 @ 1600 - 1800,
        CS2040S TUT 32 on Day 3 @ 1500 - 1700,
        CS2040S TUT 33 on Day 3 @ 1500 - 1700,
        CS2040S TUT 39 on Day 3 @ 1600 - 1800,
        CS2040S TUT 34 on Day 3 @ 1500 - 1700,
        CS2040S TUT 40 on Day 3 @ 1600 - 1800,
        CS2040S TUT 38 on Day 3 @ 1600 - 1800,
        CS2040S TUT 37 on Day 3 @ 1600 - 1800,
        CS2040S TUT 36 on Day 3 @ 1600 - 1800),
       1)
AtMost((CS2040S TUT 35 on Day 3 @ 1500 - 1700,
        CS2040S TUT 41 on Day 3 @ 1600 - 1800,
        CS2040S TUT 32 on Day 3 @ 1500 - 1700,
        CS2040S TUT 33 on Day 3 @ 1500 - 1700,
        CS2040S TUT 39 on Day 3 @ 1600 - 1800,
        CS2040S TUT 34 on Day 3 @ 1500 - 1700,
        CS2040S TUT 40 on Day 3 @ 1600 - 1800,
        CS2040S TUT 38 on Day 3 @ 1600 - 1800,
        CS2040S TUT 37 on Day 3 @ 1600 - 1800,
        CS2040S TUT 36 on Day 3 @ 1600 - 1800),
       1)
AtMost((CS2040S TUT 35 on Day 3 @ 1500 - 1700,
        CS2040S TUT 41 on Day 3 @ 1600 - 1800,
        CS2040S TUT 32 on Day 3 @ 1500 - 1700,
        CS2040S TUT 33 on Day 3 @ 1500 - 1700,
        CS2040S TUT 39 on Day 3 @ 1600 - 1800,
        CS2040S TUT 34 on Day 3 @ 1500 - 1700,
        CS2040S TUT 40 on Day 3 @ 1600 - 1800,
        CS2040S TUT 38 on Day 3 @ 1600 - 1800,
        CS2040S TUT 37 on Day 3 @ 1600 - 1800,
        CS2040S TUT 36 on Day 3 @ 1600 - 1800),
       1)
AtMost((CM1102 LEC 1 on Day 3 @ 1200 - 1400,
        CS2040S TUT 26 on Day 3 @ 1100 - 1300,
        CS2040S TUT 30 on Day 3 @ 1200 - 1400,
        CS2040S TUT 29 on Day 3 @ 1200 - 1400,
        CS2040S TUT 25 on Day 3 @ 1100 - 1300,
        CS2040S TUT 27 on Day 3 @ 1100 - 1300,
        CS2040S TUT 31 on Day 3 @ 1200 - 1400,
        CS2040S TUT 28 on Day 3 @ 1100 - 1300),
       1)
AtMost((CS2040S TUT 35 on Day 3 @ 1500 - 1700,
        CS2040S TUT 41 on Day 3 @ 1600 - 1800,
        CS2040S TUT 32 on Day 3 @ 1500 - 1700,
        CS2040S TUT 33 on Day 3 @ 1500 - 1700,
        CS2040S TUT 39 on Day 3 @ 1600 - 1800,
        CS2040S TUT 34 on Day 3 @ 1500 - 1700,
        CS2040S TUT 40 on Day 3 @ 1600 - 1800,
        CS2040S TUT 38 on Day 3 @ 1600 - 1800,
        CS2040S TUT 37 on Day 3 @ 1600 - 1800,
        CS2040S TUT 36 on Day 3 @ 1600 - 1800),
       1)
AtMost((CM1102 LEC 1 on Day 3 @ 1200 - 1400,
        MA2104 LEC 1 on Day 3 @ 1000 - 1200,
        CS2040S TUT 26 on Day 3 @ 1100 - 1300,
        CS2040S TUT 30 on Day 3 @ 1200 - 1400,
        CS2040S TUT 20 on Day 3 @ 1000 - 1200,
        CS2040S TUT 29 on Day 3 @ 1200 - 1400,
        CS2040S TUT 25 on Day 3 @ 1100 - 1300,
        CS2040S TUT 24 on Day 3 @ 1000 - 1200,
        CS2040S TUT 23 on Day 3 @ 1000 - 1200,
        CS2040S TUT 27 on Day 3 @ 1100 - 1300,
        CS2040S TUT 22 on Day 3 @ 1000 - 1200,
        CS2040S TUT 31 on Day 3 @ 1200 - 1400,
        CS2040S TUT 28 on Day 3 @ 1100 - 1300,
        CS2040S TUT 21 on Day 3 @ 1000 - 1200),
       1)
AtMost((CS2040S TUT 35 on Day 3 @ 1500 - 1700,
        CS2040S TUT 41 on Day 3 @ 1600 - 1800,
        CS2040S TUT 32 on Day 3 @ 1500 - 1700,
        CS2040S TUT 33 on Day 3 @ 1500 - 1700,
        CS2040S TUT 39 on Day 3 @ 1600 - 1800,
        CS2040S TUT 34 on Day 3 @ 1500 - 1700,
        CS2040S TUT 40 on Day 3 @ 1600 - 1800,
        CS2040S TUT 38 on Day 3 @ 1600 - 1800,
        CS2040S TUT 37 on Day 3 @ 1600 - 1800,
        CS2040S TUT 36 on Day 3 @ 1600 - 1800),
       1)
AtMost((MA2104 LEC 1 on Day 3 @ 1000 - 1200,
        CS2040S TUT 26 on Day 3 @ 1100 - 1300,
        CS2040S TUT 20 on Day 3 @ 1000 - 1200,
        CS2040S TUT 25 on Day 3 @ 1100 - 1300,
        CS2040S TUT 24 on Day 3 @ 1000 - 1200,
        CS2040S TUT 23 on Day 3 @ 1000 - 1200,
        CS2040S TUT 27 on Day 3 @ 1100 - 1300,
        CS2040S TUT 22 on Day 3 @ 1000 - 1200,
        CS2040S TUT 28 on Day 3 @ 1100 - 1300,
        CS2040S TUT 21 on Day 3 @ 1000 - 1200),
       1)
AtMost((MA2104 TUT 3 on Day 4 @ 1400 - 1500,
        CS2040S REC 06 on Day 4 @ 1400 - 1500),
       1)
AtMost((MA2104 TUT 4 on Day 4 @ 1500 - 1600,
        CS2040S REC 07 on Day 4 @ 1500 - 1600),
       1)
AtMost((MA2104 TUT 4 on Day 4 @ 1500 - 1600,
        CS2040S REC 07 on Day 4 @ 1500 - 1600),
       1)
AtMost((CS2040S REC 09 on Day 4 @ 1700 - 1800), 1)
AtMost((CS2040S REC 04 on Day 4 @ 1200 - 1300), 1)
AtMost((MA2104 TUT 3 on Day 4 @ 1400 - 1500,
        CS2040S REC 06 on Day 4 @ 1400 - 1500),
       1)
AtMost((CS2040S REC 01 on Day 4 @ 900 - 1000), 1)
AtMost((CS2040S REC 05 on Day 4 @ 1300 - 1400), 1)
AtMost((CS2040S REC 03 on Day 4 @ 1100 - 1200), 1)
AtMost((CS2040S REC 02 on Day 4 @ 1000 - 1100), 1)
AtMost((CS2040S REC 08 on Day 4 @ 1600 - 1700), 1)
AtMost((CM1102 LEC 1 on Day 5 @ 1200 - 1400,
        CS2040S REC 13 on Day 5 @ 1200 - 1300),
       1)
AtMost((MA2104 LEC 1 on Day 5 @ 1000 - 1200,
        CS2040S REC 12 on Day 5 @ 1100 - 1200,
        CS2040S REC 11 on Day 5 @ 1000 - 1100),
       1)
AtMost((CS2040S REC 10 on Day 5 @ 900 - 1000), 1)
AtMost((MA2104 LEC 1 on Day 5 @ 1000 - 1200,
        CS2040S REC 12 on Day 5 @ 1100 - 1200),
       1)
AtMost((MA2104 LEC 1 on Day 5 @ 1000 - 1200,
        CS2040S REC 11 on Day 5 @ 1000 - 1100),
       1)
AtMost((CM1102 LEC 1 on Day 5 @ 1200 - 1400,
        CS2040S REC 13 on Day 5 @ 1200 - 1300),
       1)
No feasible timetable
